<?xml version="1.0" encoding="UTF-8"?>
<!-- Generated by org.testng.reporters.JUnitReportReporter -->
<testsuite skipped="0" hostname="LAPTOP-UOJNOK0D" name="com.hcl.TestLeaf" tests="8" failures="0" timestamp="2022-05-28T00:18:13 CDT" time="105.531" errors="0">
  <testcase name="edit" time="17.164" classname="com.hcl.TestLeaf"/>
  <system-out/>
  <testcase name="button" time="10.774" classname="com.hcl.TestLeaf"/>
  <system-out/>
  <testcase name="hyperLink" time="21.124" classname="com.hcl.TestLeaf"/>
  <system-out/>
  <testcase name="images" time="12.661" classname="com.hcl.TestLeaf"/>
  <system-out/>
  <testcase name="dropDownMenu" time="12.051" classname="com.hcl.TestLeaf"/>
  <system-out/>
  <testcase name="radioButton" time="9.696" classname="com.hcl.TestLeaf"/>
  <system-out/>
  <testcase name="checkBox" time="10.954" classname="com.hcl.TestLeaf"/>
  <system-out/>
  <testcase name="table" time="11.107" classname="com.hcl.TestLeaf"/>
  <system-out/>
</testsuite> <!-- com.hcl.TestLeaf -->
